<?xml version="1.0" encoding="UTF-8"?>
<testsuite name="Cucumber" time="13.69" tests="1" skipped="0" failures="1" errors="0">
<testcase classname="Wikipedia search" name="Search for an article" time="13.531">
<failure type="org.openqa.selenium.TimeoutException" message="Expected condition failed: waiting for visibility of element located by By.cssSelector: .testSearchBtn (tried for 10 second(s) with 500 milliseconds interval)
Build info: version: '4.25.0', revision: '8a8aea2337'
System info: os.name: 'Mac OS X', os.arch: 'x86_64', os.version: '11.7.10', java.version: '21.0.7'
Driver info: jdk.proxy2.$Proxy18">
<![CDATA[org.openqa.selenium.TimeoutException: Expected condition failed: waiting for visibility of element located by By.cssSelector: .testSearchBtn (tried for 10 second(s) with 500 milliseconds interval)
Build info: version: '4.25.0', revision: '8a8aea2337'
System info: os.name: 'Mac OS X', os.arch: 'x86_64', os.version: '11.7.10', java.version: '21.0.7'
Driver info: jdk.proxy2.$Proxy18
	at org.openqa.selenium.support.ui.WebDriverWait.timeoutException(WebDriverWait.java:84)
	at org.openqa.selenium.support.ui.FluentWait.until(FluentWait.java:228)
	at com.wikipedia.pages.BasePage.waitForVisible(BasePage.java:20)
	at com.wikipedia.pages.WikipediaHomePage.clickOnGoButton(WikipediaHomePage.java:23)
	at com.wikipedia.steps.homePageSteps.iClickOnButton(homePageSteps.java:57)
	at âœ½.I click on go button(file:///Users/davidfranco/eclipse-workspace4/selenium-self-healing/src/test/resources/features/homePage.feature:8)
]]>
</failure>
<system-out><![CDATA[
When I go to the wikipedia home page........................................passed
And I click on input........................................................passed
When I search for "cucumber"................................................passed
And Break the search element on the page....................................passed
When I click on go button...................................................failed
Then The top 3 rows displays the text "cucumber"............................skipped
]]></system-out>
</testcase>
</testsuite>
